0 info it worked if it ends with ok
1 verbose cli [ '/usr/bin/nodejs', '/usr/bin/npm', 'run', 'test' ]
2 info using npm@4.1.2
3 info using node@v7.5.0
4 verbose run-script [ 'pretest', 'test', 'posttest' ]
5 info lifecycle basic-test-for-basic-js@1.0.0~pretest: basic-test-for-basic-js@1.0.0
6 silly lifecycle basic-test-for-basic-js@1.0.0~pretest: no script for pretest, continuing
7 info lifecycle basic-test-for-basic-js@1.0.0~test: basic-test-for-basic-js@1.0.0
8 verbose lifecycle basic-test-for-basic-js@1.0.0~test: unsafe-perm in lifecycle true
9 verbose lifecycle basic-test-for-basic-js@1.0.0~test: PATH: /usr/lib/node_modules/npm/bin/node-gyp-bin:/home/boyko/source/basicTest/node_modules/.bin:/usr/local/sbin:/usr/local/bin:/usr/sbin:/usr/bin:/sbin:/bin:/usr/games:/usr/local/games
10 verbose lifecycle basic-test-for-basic-js@1.0.0~test: CWD: /home/boyko/source/basicTest
11 silly lifecycle basic-test-for-basic-js@1.0.0~test: Args: [ '-c',
11 silly lifecycle   'mocha --require babel-polyfill --compilers js:babel-register' ]
12 silly lifecycle basic-test-for-basic-js@1.0.0~test: Returned: code: 3  signal: null
13 info lifecycle basic-test-for-basic-js@1.0.0~test: Failed to exec test script
14 verbose stack Error: basic-test-for-basic-js@1.0.0 test: `mocha --require babel-polyfill --compilers js:babel-register`
14 verbose stack Exit status 3
14 verbose stack     at EventEmitter.<anonymous> (/usr/lib/node_modules/npm/lib/utils/lifecycle.js:279:16)
14 verbose stack     at emitTwo (events.js:106:13)
14 verbose stack     at EventEmitter.emit (events.js:192:7)
14 verbose stack     at ChildProcess.<anonymous> (/usr/lib/node_modules/npm/lib/utils/spawn.js:40:14)
14 verbose stack     at emitTwo (events.js:106:13)
14 verbose stack     at ChildProcess.emit (events.js:192:7)
14 verbose stack     at maybeClose (internal/child_process.js:890:16)
14 verbose stack     at Process.ChildProcess._handle.onexit (internal/child_process.js:226:5)
15 verbose pkgid basic-test-for-basic-js@1.0.0
16 verbose cwd /home/boyko/source/basicTest
17 error Linux 4.4.0-62-generic
18 error argv "/usr/bin/nodejs" "/usr/bin/npm" "run" "test"
19 error node v7.5.0
20 error npm  v4.1.2
21 error code ELIFECYCLE
22 error basic-test-for-basic-js@1.0.0 test: `mocha --require babel-polyfill --compilers js:babel-register`
22 error Exit status 3
23 error Failed at the basic-test-for-basic-js@1.0.0 test script 'mocha --require babel-polyfill --compilers js:babel-register'.
23 error Make sure you have the latest version of node.js and npm installed.
23 error If you do, this is most likely a problem with the basic-test-for-basic-js package,
23 error not with npm itself.
23 error Tell the author that this fails on your system:
23 error     mocha --require babel-polyfill --compilers js:babel-register
23 error You can get information on how to open an issue for this project with:
23 error     npm bugs basic-test-for-basic-js
23 error Or if that isn't available, you can get their info via:
23 error     npm owner ls basic-test-for-basic-js
23 error There is likely additional logging output above.
24 verbose exit [ 1, true ]
